<?xml version="1.0" encoding="UTF-8"?>
<Site BuildName="(empty)"
	BuildStamp="20240707-0601-Experimental"
	Name="eggze2-asus"
	Generator="ctest-3.16.3"
	CompilerName="/usr/bin/c++"
	CompilerVersion="9.4.0"
	OSName="Linux"
	Hostname="eggze2-asus"
	OSRelease="5.15.0-116-generic"
	OSVersion="#126~20.04.1-Ubuntu SMP Mon Jul 1 15:40:07 UTC 2024"
	OSPlatform="x86_64"
	Is64Bits="1"
	VendorString="GenuineIntel"
	VendorID="Intel Corporation"
	FamilyID="6"
	ModelID="154"
	ProcessorCacheSize="24576"
	NumberOfLogicalCPU="20"
	NumberOfPhysicalCPU="14"
	TotalVirtualMemory="2047"
	TotalPhysicalMemory="31783"
	LogicalProcessorsPerPhysical="1"
	ProcessorClockFrequency="1819.87"
	>
	<Testing>
		<StartDateTime>Jul 07 14:01 CST</StartDateTime>
		<StartTestTime>1720332086</StartTestTime>
		<TestList/>
		<EndDateTime>Jul 07 14:01 CST</EndDateTime>
		<EndTestTime>1720332086</EndTestTime>
		<ElapsedMinutes>0</ElapsedMinutes>
	</Testing>
</Site>
